<?xml version="1.0" encoding="UTF-8"?>
<testsuite xmlns:xsi="http://www.w3.org/2001/XMLSchema-instance" xsi:noNamespaceSchemaLocation="https://maven.apache.org/surefire/maven-surefire-plugin/xsd/surefire-test-report-3.0.xsd" version="3.0" name="GameTests" time="1.136" tests="6" errors="0" skipped="0" failures="0">
  <properties>
[...]
</properties>
  <testcase name="chooseTests" classname="GameTests" time="0.108">
    <system-out><![CDATA[13:15:10 [main] WARN  State.GameState - INVALID MOVE
13:15:10 [main] WARN  State.GameState - INVALID MOVE
13:15:10 [main] INFO  State.GameState - fox moved to (4,4)
13:15:10 [main] WARN  State.GameState - INVALID CHOICE
]]></system-out>
  </testcase>
  <testcase name="isFoxLoserState" classname="GameTests" time="0.014"/>
  <testcase name="resultTest" classname="GameTests" time="0.015"/>
  <testcase name="loadUpPositions" classname="GameTests" time="0.002"/>
  <testcase name="isFoxWinnerState" classname="GameTests" time="0.003"/>
  <testcase name="isValidState" classname="GameTests" time="0.002"/>
</testsuite>